<?xml version="1.0" encoding="utf-8"?>
<testsuites time="0.317" tests="82" failures="0">
  <testsuite id="0" name="Tests.dll" tests="82" failures="0" time="0.317">
    <testcase classname="Tests.HelpGeneratorTests" name="Tests.HelpGeneratorTests.WriteNestedCommands" time="0.1570892" />
    <testcase classname="Tests.HelpGeneratorTests" name="Tests.HelpGeneratorTests.WriteGlobalCommand" time="0.0007146" />
    <testcase classname="Tests.HelpGeneratorTests" name="Tests.HelpGeneratorTests.WriteGlobalFlagWithShortName" time="0.0011608" />
    <testcase classname="Tests.HelpGeneratorTests" name="Tests.HelpGeneratorTests.WriteGlobalCommands" time="0.0006909" />
    <testcase classname="Tests.HelpGeneratorTests" name="Tests.HelpGeneratorTests.WriteGlobalCommandWithFlag" time="0.0008079" />
    <testcase classname="Tests.HelpGeneratorTests" name="Tests.HelpGeneratorTests.WriteGlobalFlags" time="0.0007409" />
    <testcase classname="Tests.HelpGeneratorTests" name="Tests.HelpGeneratorTests.WriteApplictaionName" time="0.0006942" />
    <testcase classname="Tests.HelpGeneratorTests" name="Tests.HelpGeneratorTests.WriteNestedCommandWithGlobalCommandWithAFlag" time="0.0007552" />
    <testcase classname="Tests.HelpGeneratorTests" name="Tests.HelpGeneratorTests.WriteFlagWithValueName" time="0.0007458" />
    <testcase classname="Tests.HelpGeneratorTests" name="Tests.HelpGeneratorTests.WriteGlobalFlag" time="0.0006149" />
    <testcase classname="Tests.HelpGeneratorTests" name="Tests.HelpGeneratorTests.ParseGlobalHelpFlag" time="0.0045494" />
    <testcase classname="Tests.HelpGeneratorTests" name="Tests.HelpGeneratorTests.WriteGlobalArguments" time="0.0006638" />
    <testcase classname="Tests.HelpGeneratorTests" name="Tests.HelpGeneratorTests.ShowDetailedError" time="0.0008535" />
    <testcase classname="Tests.HelpGeneratorTests" name="Tests.HelpGeneratorTests.WriteApplictaionHelp" time="0.0004818" />
    <testcase classname="Tests.HelpGeneratorTests" name="Tests.HelpGeneratorTests.WriteGlobalCommandWithFlagAndExamples" time="0.0018483" />
    <testcase classname="Tests.HelpGeneratorTests" name="Tests.HelpGeneratorTests.WriteGlobalCommandWithArguments" time="0.0006518" />
    <testcase classname="Tests.HelpGeneratorTests" name="Tests.HelpGeneratorTests.ParseHelpFlagOnCommand" time="0.0005879" />
    <testcase classname="Tests.HelpGeneratorTests" name="Tests.HelpGeneratorTests.WriteGlobalCommandWithFlagAndDefaultValue" time="0.0006637" />
    <testcase classname="Tests.HelpGeneratorTests" name="Tests.HelpGeneratorTests.WriteEmpty" time="0.0004718" />
    <testcase classname="Tests.HelpGeneratorTests" name="Tests.HelpGeneratorTests.WriteGlobalArgument" time="0.0005682" />
    <testcase classname="Tests.HelpGeneratorTests" name="Tests.HelpGeneratorTests.WriteHelpForNestedCommand" time="0.0006179" />
    <testcase classname="Tests.HelpGeneratorTests" name="Tests.HelpGeneratorTests.WriteGlobalCommandWithFlags" time="0.0007813" />
    <testcase classname="Tests.ParserTests" name="Tests.ParserTests.ParseDirectoryShouldExistFail" time="0.0470686" />
    <testcase classname="Tests.ParserTests" name="Tests.ParserTests.ParseFileShouldExistSuccess" time="0.0028682" />
    <testcase classname="Tests.ParserTests" name="Tests.ParserTests.ParseDirectoryShouldExistSuccess" time="0.0001851" />
    <testcase classname="Tests.ParserTests" name="Tests.ParserTests.ParseFloatSuccess" time="0.0062627" />
    <testcase classname="Tests.ParserTests" name="Tests.ParserTests.ParseStrongTypedEnumSuccess" time="0.0026672" />
    <testcase classname="Tests.ParserTests" name="Tests.ParserTests.ParseStrongTypedIntSuccess" time="0.0025207" />
    <testcase classname="Tests.ParserTests" name="Tests.ParserTests.ParseEnumSuccess" time="0.0002542" />
    <testcase classname="Tests.ParserTests" name="Tests.ParserTests.IsRequiredShouldFailWhenNoArgumentIsGiven" time="0.0002245" />
    <testcase classname="Tests.ParserTests" name="Tests.ParserTests.ParseGlobalShortFlag" time="0.0001894" />
    <testcase classname="Tests.ParserTests" name="Tests.ParserTests.ParseGlobalArgument" time="0.0001177" />
    <testcase classname="Tests.ParserTests" name="Tests.ParserTests.ParseGlobalFlag" time="0.0001158" />
    <testcase classname="Tests.ParserTests" name="Tests.ParserTests.ParseDurationFail" time="0.0002503" />
    <testcase classname="Tests.ParserTests" name="Tests.ParserTests.ParseFloatFail" time="0.0067232" />
    <testcase classname="Tests.ParserTests" name="Tests.ParserTests.ParseDurationSuccessWithDays" time="0.0001503" />
    <testcase classname="Tests.ParserTests" name="Tests.ParserTests.ParseNestedCommand" time="0.0005674" />
    <testcase classname="Tests.ParserTests" name="Tests.ParserTests.ParseNestedDefaultFlag" time="0.0001806" />
    <testcase classname="Tests.ParserTests" name="Tests.ParserTests.ParseBoolFail" time="0.0002032" />
    <testcase classname="Tests.ParserTests" name="Tests.ParserTests.ParseStrongTypedBoolSuccess" time="0.0013329" />
    <testcase classname="Tests.ParserTests" name="Tests.ParserTests.ParseGlobalNonBoolFlagThrowsException" time="0.0001782" />
    <testcase classname="Tests.ParserTests" name="Tests.ParserTests.ParseStrongTypedDurationSuccess" time="0.0025537" />
    <testcase classname="Tests.ParserTests" name="Tests.ParserTests.ParseIntFail" time="0.0002112" />
    <testcase classname="Tests.ParserTests" name="Tests.ParserTests.ParseIpFail" time="0.0002832" />
    <testcase classname="Tests.ParserTests" name="Tests.ParserTests.ParseGlobalBoolFlag" time="0.0001282" />
    <testcase classname="Tests.ParserTests" name="Tests.ParserTests.ParseIntReturnsRichErrorMessage" time="0.0001798" />
    <testcase classname="Tests.ParserTests" name="Tests.ParserTests.ParseSimpleCommandWithArgument" time="0.0003713" />
    <testcase classname="Tests.ParserTests" name="Tests.ParserTests.ParseFileShouldExistFail" time="0.0002427" />
    <testcase classname="Tests.ParserTests" name="Tests.ParserTests.ParseIpSuccess" time="0.0001583" />
    <testcase classname="Tests.ParserTests" name="Tests.ParserTests.ParseStrongTypedFloatSuccess" time="0.0024205" />
    <testcase classname="Tests.ParserTests" name="Tests.ParserTests.ParseUrlSuccess" time="0.0001748" />
    <testcase classname="Tests.ParserTests" name="Tests.ParserTests.ParseTcpSuccess" time="0.0003424" />
    <testcase classname="Tests.ParserTests" name="Tests.ParserTests.ParseTcpFail" time="0.0002031" />
    <testcase classname="Tests.ParserTests" name="Tests.ParserTests.ParseIntSuccess" time="0.0001202" />
    <testcase classname="Tests.ParserTests" name="Tests.ParserTests.ParseUrlFail" time="0.0001870" />
    <testcase classname="Tests.ParserTests" name="Tests.ParserTests.ParseSimpleCommandWithFlag" time="0.0001379" />
    <testcase classname="Tests.ParserTests" name="Tests.ParserTests.ParseEnumFail" time="0.0002356" />
    <testcase classname="Tests.ParserTests" name="Tests.ParserTests.ParseSimpleCommand" time="0.0001002" />
    <testcase classname="Tests.ParserTests" name="Tests.ParserTests.ParseDurationSuccess" time="0.0001145" />
    <testcase classname="Tests.ParserTests" name="Tests.ParserTests.ParseStrongTypedUriSuccess" time="0.0003443" />
    <testcase classname="Tests.ParserTests" name="Tests.ParserTests.ParseBoolSuccess" time="0.0001184" />
    <testcase classname="Tests.ParserTests" name="Tests.ParserTests.ParseDefaultFlagSuccess" time="0.0001007" />
    <testcase classname="Tests.SuggestionTests" name="Tests.SuggestionTests.SuggestDoubleMinusShowFlags" time="0.0549438" />
    <testcase classname="Tests.SuggestionTests" name="Tests.SuggestionTests.SuggestCommand" time="0.0002254" />
    <testcase classname="Tests.SuggestionTests" name="Tests.SuggestionTests.SuggestMinusShowFlags" time="0.0001784" />
    <testcase classname="Tests.SuggestionTests" name="Tests.SuggestionTests.SuggestCommandSubstring" time="0.0001410" />
    <testcase classname="Tests.SuggestionTests" name="Tests.SuggestionTests.SuggestCommandShowShortNamedFlag" time="0.0003098" />
    <testcase classname="Tests.SuggestionTests" name="Tests.SuggestionTests.SuggestNoCommand" time="0.0002170" />
    <testcase classname="Tests.SuggestionTests" name="Tests.SuggestionTests.EmptySuggestCommandShowAll" time="0.0001470" />
    <testcase classname="Tests.SuggestionTests" name="Tests.SuggestionTests.SuggestCommandShowAll" time="0.0001407" />
    <testcase classname="Tests.TokenizerTests" name="Tests.TokenizerTests.IgnoreSpaces2" time="0.0021916" />
    <testcase classname="Tests.TokenizerTests" name="Tests.TokenizerTests.TreatTabsLikeSpaces" time="0.0000649" />
    <testcase classname="Tests.TokenizerTests" name="Tests.TokenizerTests.TreatCarriageReturnNewLineLikeSpaces" time="0.0000563" />
    <testcase classname="Tests.TokenizerTests" name="Tests.TokenizerTests.TreatCarriageReturnNewlineAsSpace" time="0.0000531" />
    <testcase classname="Tests.TokenizerTests" name="Tests.TokenizerTests.TreatNewlineLikeSpaces" time="0.0000535" />
    <testcase classname="Tests.TokenizerTests" name="Tests.TokenizerTests.ParseZeroString" time="0.0001138" />
    <testcase classname="Tests.TokenizerTests" name="Tests.TokenizerTests.ParseEmptySpaces" time="0.0000528" />
    <testcase classname="Tests.TokenizerTests" name="Tests.TokenizerTests.RespectQuotes" time="0.0000870" />
    <testcase classname="Tests.TokenizerTests" name="Tests.TokenizerTests.ParseTwoItems" time="0.0000809" />
    <testcase classname="Tests.TokenizerTests" name="Tests.TokenizerTests.TreatWeirdScenario1" time="0.0000724" />
    <testcase classname="Tests.TokenizerTests" name="Tests.TokenizerTests.IgnoreSpaces1" time="0.0000717" />
    <testcase classname="Tests.TokenizerTests" name="Tests.TokenizerTests.ParseOneItem" time="0.0000740" />
  </testsuite>
</testsuites>