<?xml version="1.0" encoding="utf-8"?>
<testsuites time="0.335" tests="82" failures="0">
  <testsuite id="0" name="Tests.dll" tests="82" failures="0" time="0.335">
    <testcase classname="Tests.HelpGeneratorTests" name="Tests.HelpGeneratorTests.WriteNestedCommands" time="0.1710459" />
    <testcase classname="Tests.HelpGeneratorTests" name="Tests.HelpGeneratorTests.WriteGlobalCommand" time="0.0007639" />
    <testcase classname="Tests.HelpGeneratorTests" name="Tests.HelpGeneratorTests.WriteGlobalFlagWithShortName" time="0.0012935" />
    <testcase classname="Tests.HelpGeneratorTests" name="Tests.HelpGeneratorTests.WriteGlobalCommands" time="0.0006695" />
    <testcase classname="Tests.HelpGeneratorTests" name="Tests.HelpGeneratorTests.WriteGlobalCommandWithFlag" time="0.0007588" />
    <testcase classname="Tests.HelpGeneratorTests" name="Tests.HelpGeneratorTests.WriteGlobalFlags" time="0.0007215" />
    <testcase classname="Tests.HelpGeneratorTests" name="Tests.HelpGeneratorTests.WriteApplictaionName" time="0.0005447" />
    <testcase classname="Tests.HelpGeneratorTests" name="Tests.HelpGeneratorTests.WriteNestedCommandWithGlobalCommandWithAFlag" time="0.0007134" />
    <testcase classname="Tests.HelpGeneratorTests" name="Tests.HelpGeneratorTests.WriteFlagWithValueName" time="0.0008017" />
    <testcase classname="Tests.HelpGeneratorTests" name="Tests.HelpGeneratorTests.WriteGlobalFlag" time="0.0006258" />
    <testcase classname="Tests.HelpGeneratorTests" name="Tests.HelpGeneratorTests.ParseGlobalHelpFlag" time="0.0044507" />
    <testcase classname="Tests.HelpGeneratorTests" name="Tests.HelpGeneratorTests.WriteGlobalArguments" time="0.0007048" />
    <testcase classname="Tests.HelpGeneratorTests" name="Tests.HelpGeneratorTests.ShowDetailedError" time="0.0017022" />
    <testcase classname="Tests.HelpGeneratorTests" name="Tests.HelpGeneratorTests.WriteApplictaionHelp" time="0.0005713" />
    <testcase classname="Tests.HelpGeneratorTests" name="Tests.HelpGeneratorTests.WriteGlobalCommandWithFlagAndExamples" time="0.0017284" />
    <testcase classname="Tests.HelpGeneratorTests" name="Tests.HelpGeneratorTests.WriteGlobalCommandWithArguments" time="0.0006619" />
    <testcase classname="Tests.HelpGeneratorTests" name="Tests.HelpGeneratorTests.ParseHelpFlagOnCommand" time="0.0006207" />
    <testcase classname="Tests.HelpGeneratorTests" name="Tests.HelpGeneratorTests.WriteGlobalCommandWithFlagAndDefaultValue" time="0.0006705" />
    <testcase classname="Tests.HelpGeneratorTests" name="Tests.HelpGeneratorTests.WriteEmpty" time="0.0004752" />
    <testcase classname="Tests.HelpGeneratorTests" name="Tests.HelpGeneratorTests.WriteGlobalArgument" time="0.0005805" />
    <testcase classname="Tests.HelpGeneratorTests" name="Tests.HelpGeneratorTests.WriteHelpForNestedCommand" time="0.0006429" />
    <testcase classname="Tests.HelpGeneratorTests" name="Tests.HelpGeneratorTests.WriteGlobalCommandWithFlags" time="0.0007015" />
    <testcase classname="Tests.ParserTests" name="Tests.ParserTests.ParseDirectoryShouldExistFail" time="0.0533907" />
    <testcase classname="Tests.ParserTests" name="Tests.ParserTests.ParseFileShouldExistSuccess" time="0.0034836" />
    <testcase classname="Tests.ParserTests" name="Tests.ParserTests.ParseDirectoryShouldExistSuccess" time="0.0002348" />
    <testcase classname="Tests.ParserTests" name="Tests.ParserTests.ParseFloatSuccess" time="0.0008536" />
    <testcase classname="Tests.ParserTests" name="Tests.ParserTests.ParseStrongTypedEnumSuccess" time="0.0034273" />
    <testcase classname="Tests.ParserTests" name="Tests.ParserTests.ParseStrongTypedIntSuccess" time="0.0029160" />
    <testcase classname="Tests.ParserTests" name="Tests.ParserTests.ParseEnumSuccess" time="0.0003018" />
    <testcase classname="Tests.ParserTests" name="Tests.ParserTests.IsRequiredShouldFailWhenNoArgumentIsGiven" time="0.0002775" />
    <testcase classname="Tests.ParserTests" name="Tests.ParserTests.ParseGlobalShortFlag" time="0.0002120" />
    <testcase classname="Tests.ParserTests" name="Tests.ParserTests.ParseGlobalArgument" time="0.0001305" />
    <testcase classname="Tests.ParserTests" name="Tests.ParserTests.ParseGlobalFlag" time="0.0001349" />
    <testcase classname="Tests.ParserTests" name="Tests.ParserTests.ParseDurationFail" time="0.0003312" />
    <testcase classname="Tests.ParserTests" name="Tests.ParserTests.ParseFloatFail" time="0.0002207" />
    <testcase classname="Tests.ParserTests" name="Tests.ParserTests.ParseDurationSuccessWithDays" time="0.0003359" />
    <testcase classname="Tests.ParserTests" name="Tests.ParserTests.ParseNestedCommand" time="0.0005402" />
    <testcase classname="Tests.ParserTests" name="Tests.ParserTests.ParseNestedDefaultFlag" time="0.0002417" />
    <testcase classname="Tests.ParserTests" name="Tests.ParserTests.ParseBoolFail" time="0.0002672" />
    <testcase classname="Tests.ParserTests" name="Tests.ParserTests.ParseStrongTypedBoolSuccess" time="0.0016043" />
    <testcase classname="Tests.ParserTests" name="Tests.ParserTests.ParseGlobalNonBoolFlagThrowsException" time="0.0002168" />
    <testcase classname="Tests.ParserTests" name="Tests.ParserTests.ParseStrongTypedDurationSuccess" time="0.0030781" />
    <testcase classname="Tests.ParserTests" name="Tests.ParserTests.ParseIntFail" time="0.0002999" />
    <testcase classname="Tests.ParserTests" name="Tests.ParserTests.ParseIpFail" time="0.0003678" />
    <testcase classname="Tests.ParserTests" name="Tests.ParserTests.ParseGlobalBoolFlag" time="0.0001512" />
    <testcase classname="Tests.ParserTests" name="Tests.ParserTests.ParseIntReturnsRichErrorMessage" time="0.0002290" />
    <testcase classname="Tests.ParserTests" name="Tests.ParserTests.ParseSimpleCommandWithArgument" time="0.0005591" />
    <testcase classname="Tests.ParserTests" name="Tests.ParserTests.ParseFileShouldExistFail" time="0.0003138" />
    <testcase classname="Tests.ParserTests" name="Tests.ParserTests.ParseIpSuccess" time="0.0001787" />
    <testcase classname="Tests.ParserTests" name="Tests.ParserTests.ParseStrongTypedFloatSuccess" time="0.0030704" />
    <testcase classname="Tests.ParserTests" name="Tests.ParserTests.ParseUrlSuccess" time="0.0002238" />
    <testcase classname="Tests.ParserTests" name="Tests.ParserTests.ParseTcpSuccess" time="0.0005243" />
    <testcase classname="Tests.ParserTests" name="Tests.ParserTests.ParseTcpFail" time="0.0002459" />
    <testcase classname="Tests.ParserTests" name="Tests.ParserTests.ParseIntSuccess" time="0.0001466" />
    <testcase classname="Tests.ParserTests" name="Tests.ParserTests.ParseUrlFail" time="0.0002282" />
    <testcase classname="Tests.ParserTests" name="Tests.ParserTests.ParseSimpleCommandWithFlag" time="0.0001752" />
    <testcase classname="Tests.ParserTests" name="Tests.ParserTests.ParseEnumFail" time="0.0005208" />
    <testcase classname="Tests.ParserTests" name="Tests.ParserTests.ParseSimpleCommand" time="0.0001224" />
    <testcase classname="Tests.ParserTests" name="Tests.ParserTests.ParseDurationSuccess" time="0.0001366" />
    <testcase classname="Tests.ParserTests" name="Tests.ParserTests.ParseStrongTypedUriSuccess" time="0.0004044" />
    <testcase classname="Tests.ParserTests" name="Tests.ParserTests.ParseBoolSuccess" time="0.0001368" />
    <testcase classname="Tests.ParserTests" name="Tests.ParserTests.ParseDefaultFlagSuccess" time="0.0001281" />
    <testcase classname="Tests.SuggestionTests" name="Tests.SuggestionTests.SuggestDoubleMinusShowFlags" time="0.0594998" />
    <testcase classname="Tests.SuggestionTests" name="Tests.SuggestionTests.SuggestCommand" time="0.0002431" />
    <testcase classname="Tests.SuggestionTests" name="Tests.SuggestionTests.SuggestMinusShowFlags" time="0.0002094" />
    <testcase classname="Tests.SuggestionTests" name="Tests.SuggestionTests.SuggestCommandSubstring" time="0.0001657" />
    <testcase classname="Tests.SuggestionTests" name="Tests.SuggestionTests.SuggestCommandShowShortNamedFlag" time="0.0004051" />
    <testcase classname="Tests.SuggestionTests" name="Tests.SuggestionTests.SuggestNoCommand" time="0.0002278" />
    <testcase classname="Tests.SuggestionTests" name="Tests.SuggestionTests.EmptySuggestCommandShowAll" time="0.0001528" />
    <testcase classname="Tests.SuggestionTests" name="Tests.SuggestionTests.SuggestCommandShowAll" time="0.0001605" />
    <testcase classname="Tests.TokenizerTests" name="Tests.TokenizerTests.IgnoreSpaces2" time="0.0017614" />
    <testcase classname="Tests.TokenizerTests" name="Tests.TokenizerTests.TreatTabsLikeSpaces" time="0.0000841" />
    <testcase classname="Tests.TokenizerTests" name="Tests.TokenizerTests.TreatCarriageReturnNewLineLikeSpaces" time="0.0000741" />
    <testcase classname="Tests.TokenizerTests" name="Tests.TokenizerTests.TreatCarriageReturnNewlineAsSpace" time="0.0000734" />
    <testcase classname="Tests.TokenizerTests" name="Tests.TokenizerTests.TreatNewlineLikeSpaces" time="0.0000712" />
    <testcase classname="Tests.TokenizerTests" name="Tests.TokenizerTests.ParseZeroString" time="0.0000542" />
    <testcase classname="Tests.TokenizerTests" name="Tests.TokenizerTests.ParseEmptySpaces" time="0.0000499" />
    <testcase classname="Tests.TokenizerTests" name="Tests.TokenizerTests.RespectQuotes" time="0.0000692" />
    <testcase classname="Tests.TokenizerTests" name="Tests.TokenizerTests.ParseTwoItems" time="0.0000782" />
    <testcase classname="Tests.TokenizerTests" name="Tests.TokenizerTests.TreatWeirdScenario1" time="0.0000683" />
    <testcase classname="Tests.TokenizerTests" name="Tests.TokenizerTests.IgnoreSpaces1" time="0.0000632" />
    <testcase classname="Tests.TokenizerTests" name="Tests.TokenizerTests.ParseOneItem" time="0.0000595" />
  </testsuite>
</testsuites>